Sun Jan 05 14:57:32 CST 2014  [debug] AvalonLogSystem initialized using logfile 'velocity.log'
Sun Jan 05 14:57:32 CST 2014   [info] ************************************************************** 
Sun Jan 05 14:57:32 CST 2014   [info] Starting Jakarta Velocity v1.4
Sun Jan 05 14:57:32 CST 2014   [info] RuntimeInstance initializing.
Sun Jan 05 14:57:32 CST 2014   [info] Default Properties File: org/apache/velocity/runtime/defaults/velocity.properties
Sun Jan 05 14:57:32 CST 2014   [info] Trying to use logger class org.apache.velocity.runtime.log.AvalonLogSystem
Sun Jan 05 14:57:32 CST 2014   [info] Using logger class org.apache.velocity.runtime.log.AvalonLogSystem
Sun Jan 05 14:57:32 CST 2014   [info] Default ResourceManager initializing. (class org.apache.velocity.runtime.resource.ResourceManagerImpl)
Sun Jan 05 14:57:32 CST 2014   [info] Resource Loader Instantiated: org.apache.velocity.runtime.resource.loader.JarResourceLoader
Sun Jan 05 14:57:32 CST 2014   [info] JarResourceLoader : initialization starting.
Sun Jan 05 14:57:32 CST 2014   [info] JarResourceLoader # of paths : 1
Sun Jan 05 14:57:32 CST 2014   [info] JarResourceLoader : trying to load: jar:file:/home/ziggy/.m2/repository/org/codehaus/mojo/webstart-maven-plugin/1.0-beta-3/webstart-maven-plugin-1.0-beta-3.jar!/
Sun Jan 05 14:57:32 CST 2014   [info]   JarHolder : attempting to connect to jar:file:/home/ziggy/.m2/repository/org/codehaus/mojo/webstart-maven-plugin/1.0-beta-3/webstart-maven-plugin-1.0-beta-3.jar!/
Sun Jan 05 14:57:32 CST 2014   [info]   JarHolder : initialized JAR: jar:file:/home/ziggy/.m2/repository/org/codehaus/mojo/webstart-maven-plugin/1.0-beta-3/webstart-maven-plugin-1.0-beta-3.jar!/
Sun Jan 05 14:57:32 CST 2014   [info] JarResourceLoader : initialization complete.
Sun Jan 05 14:57:32 CST 2014   [info] ResourceCache : initialized. (class org.apache.velocity.runtime.resource.ResourceCacheImpl)
Sun Jan 05 14:57:32 CST 2014   [info] Default ResourceManager initialization complete.
Sun Jan 05 14:57:32 CST 2014   [info] Loaded System Directive: org.apache.velocity.runtime.directive.Literal
Sun Jan 05 14:57:32 CST 2014   [info] Loaded System Directive: org.apache.velocity.runtime.directive.Macro
Sun Jan 05 14:57:32 CST 2014   [info] Loaded System Directive: org.apache.velocity.runtime.directive.Parse
Sun Jan 05 14:57:32 CST 2014   [info] Loaded System Directive: org.apache.velocity.runtime.directive.Include
Sun Jan 05 14:57:32 CST 2014   [info] Loaded System Directive: org.apache.velocity.runtime.directive.Foreach
Sun Jan 05 14:57:32 CST 2014   [info] Created: 20 parsers.
Sun Jan 05 14:57:32 CST 2014   [info] Velocimacro : initialization starting.
Sun Jan 05 14:57:32 CST 2014   [info] Velocimacro : adding VMs from VM library template : VM_global_library.vm
Sun Jan 05 14:57:32 CST 2014  [error] ResourceManager : unable to find resource 'VM_global_library.vm' in any resource loader.
Sun Jan 05 14:57:32 CST 2014   [info] Velocimacro : error using  VM library template VM_global_library.vm : org.apache.velocity.exception.ResourceNotFoundException: Unable to find resource 'VM_global_library.vm'
Sun Jan 05 14:57:32 CST 2014   [info] Velocimacro :  VM library template macro registration complete.
Sun Jan 05 14:57:32 CST 2014   [info] Velocimacro : allowInline = true : VMs can be defined inline in templates
Sun Jan 05 14:57:32 CST 2014   [info] Velocimacro : allowInlineToOverride = false : VMs defined inline may NOT replace previous VM definitions
Sun Jan 05 14:57:32 CST 2014   [info] Velocimacro : allowInlineLocal = false : VMs defined inline will be  global in scope if allowed.
Sun Jan 05 14:57:32 CST 2014   [info] Velocimacro : messages on  : VM system will output logging messages
Sun Jan 05 14:57:32 CST 2014   [info] Velocimacro : autoload off  : VM system will not automatically reload global library macros
Sun Jan 05 14:57:32 CST 2014   [info] Velocimacro : initialization complete.
Sun Jan 05 14:57:32 CST 2014   [info] Velocity successfully started.
Sun Jan 05 14:57:32 CST 2014   [info] ResourceManager : found default-jnlp-template.vm with loader org.apache.velocity.runtime.resource.loader.JarResourceLoader
Sun Jan 05 14:57:32 CST 2014   [warn] org.apache.velocity.runtime.exception.ReferenceException: reference : template = default-jnlp-template.vm [line 31,column 6] : $extensions is not a valid reference.
